<?xml version="1.0" encoding="UTF-8"?>
<!-- Generated by org.testng.reporters.JUnitReportReporter -->
<testsuite skipped="0" hostname="DESKTOP-H55P5P4" name="com.dy.AutoTest.OnlineCashier.TestCases.OnlineCashierB2BTest" tests="1" failures="0" timestamp="01 十一月 2018 08:17:59 GMT" time="26.766" errors="0">
  <testcase name="testOnlineCashierB2B" time="26.766" classname="com.dy.AutoTest.OnlineCashier.TestCases.OnlineCashierB2BTest"/>
</testsuite> <!-- com.dy.AutoTest.OnlineCashier.TestCases.OnlineCashierB2BTest -->
