<?xml version="1.0" encoding="UTF-8"?>
<!-- Generated by org.testng.reporters.JUnitReportReporter -->
<testsuite skipped="0" hostname="DESKTOP-H55P5P4" name="com.dy.AutoTest.OnlineCashier.TestCases.OnlineCashierB2CTest" tests="1" failures="0" timestamp="01 十一月 2018 08:21:14 GMT" time="21.850" errors="0">
  <testcase name="testOnlineCashierB2C" time="21.850" classname="com.dy.AutoTest.OnlineCashier.TestCases.OnlineCashierB2CTest"/>
</testsuite> <!-- com.dy.AutoTest.OnlineCashier.TestCases.OnlineCashierB2CTest -->
