<?xml version="1.0" encoding="UTF-8"?>
<!-- Generated by org.testng.reporters.JUnitReportReporter -->
<testsuite skipped="0" hostname="Lenovo-Ray" name="com.dy.AutoTest.OperationPlatform.TestCases.MainMenuPageTest" tests="6" failures="0" timestamp="25 十月 2018 07:42:42 GMT" time="25.986" errors="0">
  <testcase name="testQuit" time="4.071" classname="com.dy.AutoTest.OperationPlatform.TestCases.MainMenuPageTest"/>
  <testcase name="testQuit" time="3.868" classname="com.dy.AutoTest.OperationPlatform.TestCases.MainMenuPageTest"/>
  <testcase name="testQuit" time="5.004" classname="com.dy.AutoTest.OperationPlatform.TestCases.MainMenuPageTest"/>
  <testcase name="testQuit" time="4.294" classname="com.dy.AutoTest.OperationPlatform.TestCases.MainMenuPageTest"/>
  <testcase name="testQuit" time="4.410" classname="com.dy.AutoTest.OperationPlatform.TestCases.MainMenuPageTest"/>
  <testcase name="testQuit" time="4.339" classname="com.dy.AutoTest.OperationPlatform.TestCases.MainMenuPageTest"/>
</testsuite> <!-- com.dy.AutoTest.OperationPlatform.TestCases.MainMenuPageTest -->
