<?xml version="1.0" encoding="UTF-8"?>
<!-- Generated by org.testng.reporters.JUnitReportReporter -->
<testsuite skipped="1" hostname="Lenovo-Ray" name="com.dy.AutoTest.web.util.test.JdbcUtilTest" tests="2" failures="0" timestamp="08 十月 2018 11:36:29 GMT" time="0.328" errors="0">
  <testcase name="findMoreResultViaSqlite" time="0.328" classname="com.dy.AutoTest.web.util.test.JdbcUtilTest"/>
  <testcase name="updateByPreparedStatement" classname="com.dy.AutoTest.web.util.test.JdbcUtilTest">
    <skipped/>
  </testcase> <!-- updateByPreparedStatement -->
</testsuite> <!-- com.dy.AutoTest.web.util.test.JdbcUtilTest -->
